<?xml version="1.0" encoding="UTF-8"?>
<!-- Generated by org.testng.reporters.JUnitReportReporter -->
<testsuite hostname="DMM-G6394Y5V" failures="0" tests="1" name="property_for_sale.QA_Assignment.SortByPriceLow_to_High" time="48.706" errors="0" timestamp="2024-03-28T10:55:20 MMT" skipped="0">
  <testcase classname="property_for_sale.QA_Assignment.SortByPriceLow_to_High" name="searchProvinceName" time="48.706"/>
  <system-out/>
</testsuite> <!-- property_for_sale.QA_Assignment.SortByPriceLow_to_High -->
