<?xml version="1.0" encoding="UTF-8"?>
<!-- Generated by org.testng.reporters.JUnitReportReporter -->
<testsuite hostname="DMM-G6394Y5V" failures="0" tests="1" name="property_for_sale.QA_Assignment.FilterByBedRoom" time="40.960" errors="0" timestamp="2024-03-29T05:34:23 MMT" skipped="0">
  <testcase classname="property_for_sale.QA_Assignment.FilterByBedRoom" name="searchProvinceName" time="40.960"/>
  <system-out/>
</testsuite> <!-- property_for_sale.QA_Assignment.FilterByBedRoom -->
