<?xml version="1.0" encoding="UTF-8"?>
<!-- Generated by org.testng.reporters.JUnitReportReporter -->
<testsuite hostname="DMM-G6394Y5V" failures="0" tests="1" name="property_for_sale.QA_Assignment.SortByPriceHigh_to_Low" time="48.980" errors="0" timestamp="2024-03-29T05:53:05 MMT" skipped="0">
  <testcase classname="property_for_sale.QA_Assignment.SortByPriceHigh_to_Low" name="searchProvinceName" time="48.980"/>
  <system-out/>
</testsuite> <!-- property_for_sale.QA_Assignment.SortByPriceHigh_to_Low -->
