<?xml version="1.0" encoding="UTF-8"?>
<!-- Generated by org.testng.reporters.JUnitReportReporter -->
<testsuite hostname="DMM-G6394Y5V" failures="0" tests="1" name="property_for_sale.QA_Assignment.SearchBy_Project" time="61.359" errors="0" timestamp="2024-03-28T09:25:58 MMT" skipped="0">
  <testcase classname="property_for_sale.QA_Assignment.SearchBy_Project" name="searchProvinceName" time="61.359"/>
  <system-out/>
</testsuite> <!-- property_for_sale.QA_Assignment.SearchBy_Project -->
